line profiling: sample.interval=20000
#File 1: codigo/modelo.R
"load" 1#20 "eval" "eval" "withVisible" "source" 
"load" 1#20 "eval" "eval" "withVisible" "source" 
"load" 1#20 "eval" "eval" "withVisible" "source" 
"load" 1#20 "eval" "eval" "withVisible" "source" 
"load" 1#20 "eval" "eval" "withVisible" "source" 
"load" 1#20 "eval" "eval" "withVisible" "source" 
"load" 1#20 "eval" "eval" "withVisible" "source" 
"load" 1#20 "eval" "eval" "withVisible" "source" 
"load" 1#20 "eval" "eval" "withVisible" "source" 
"load" 1#20 "eval" "eval" "withVisible" "source" 
"load" 1#20 "eval" "eval" "withVisible" "source" 
"load" 1#20 "eval" "eval" "withVisible" "source" 
"load" 1#20 "eval" "eval" "withVisible" "source" 
"load" 1#20 "eval" "eval" "withVisible" "source" 
"load" 1#20 "eval" "eval" "withVisible" "source" 
"file" "source" 1#21 "eval" "eval" "withVisible" "source" 
#File 2: codigo/funciones.R
"ifelse" ".Call" "mutate_impl" "mutate_.tbl_df" "mutate_" "as.data.frame" "mutate_.data.frame" "mutate_" "mutate" "<Anonymous>" "freduce" "_fseq" "eval" "eval" "withVisible" "%>%" 2#77 "filtra_cand" 1#63 "FUN" "lapply" 1#57 "eval" "eval" "withVisible" "source" 
"[[.data.frame" "[[" "[.data.frame" 1#59 "[" 1#59 "FUN" "lapply" 1#57 "eval" "eval" "withVisible" "source" 
".Call" "subCsp_cols" "<Anonymous>" "<Anonymous>" "eval" "eval" "callGeneric" "[" "[" 2#131 "calcula_sim" 1#83 "FUN" "lapply" 1#57 "eval" "eval" "withVisible" "source" 
"order" "eval" "eval" "%>%" 2#93 "filtra_cand" 1#63 "FUN" "lapply" 1#57 "eval" "eval" "withVisible" "source" 
"FUN" "vapply" "unique" "as_data_frame" "tbl_df" "filter_" "as.data.frame" "filter_.data.frame" "filter_" "filter" "<Anonymous>" "freduce" "_fseq" "eval" "eval" "withVisible" "%>%" 2#73 "filtra_cand" 1#63 "FUN" "lapply" 1#57 "eval" "eval" "withVisible" "source" 
"[" "[" 2#131 "calcula_sim" 1#83 "FUN" "lapply" 1#57 "eval" "eval" "withVisible" "source" 
"ifelse" ".Call" "mutate_impl" "mutate_.tbl_df" "mutate_" "as.data.frame" "mutate_.data.frame" "mutate_" "mutate" "<Anonymous>" "freduce" "_fseq" "eval" "eval" "withVisible" "%>%" 2#77 "filtra_cand" 1#63 "FUN" "lapply" 1#57 "eval" "eval" "withVisible" "source" 
".Call" "arrange_impl" "arrange_.tbl_df" "arrange_" "as.data.frame" "arrange_.data.frame" "arrange_" "arrange" "<Anonymous>" "withVisible" "freduce" "_fseq" "eval" "eval" "withVisible" "%>%" 1#86 "FUN" "lapply" 1#57 "eval" "eval" "withVisible" "source" 
"validObject" "initialize" "standardGeneric" "initialize" "new" "newTMat" ".Arith.Csparse" "-" "-" "-" 2#122 "calcula_sim" 1#83 "FUN" "lapply" 1#57 "eval" "eval" "withVisible" "source" 
"is.na" "ifelse" ".Call" "mutate_impl" "mutate_.tbl_df" "mutate_" "as.data.frame" "mutate_.data.frame" "mutate_" "mutate" "<Anonymous>" "freduce" "_fseq" "eval" "eval" "withVisible" "%>%" 2#77 "filtra_cand" 1#63 "FUN" "lapply" 1#57 "eval" "eval" "withVisible" "source" 
"%>%" 1#61 "FUN" "lapply" 1#57 "eval" "eval" "withVisible" "source" 
"ifelse" 2#125 "calcula_sim" 1#83 "FUN" "lapply" 1#57 "eval" "eval" "withVisible" "source" 
"ifelse" ".Call" "mutate_impl" "mutate_.tbl_df" "mutate_" "as.data.frame" "mutate_.data.frame" "mutate_" "mutate" "<Anonymous>" "freduce" "_fseq" "eval" "eval" "withVisible" "%>%" 2#77 "filtra_cand" 1#63 "FUN" "lapply" 1#57 "eval" "eval" "withVisible" "source" 
"initialize" "standardGeneric" "initialize" "new" "newTMat" ".Arith.Csparse" "-" "-" "-" 2#131 "calcula_sim" 1#83 "FUN" "lapply" 1#57 "eval" "eval" "withVisible" "source" 
"&" 2#86 "filtra_cand" 1#63 "FUN" "lapply" 1#57 "eval" "eval" "withVisible" "source" 
"pmatch" ".deparseOpts" "deparse" "FUN" "vapply" "auto_names" "auto_name" "<Anonymous>" "filter_.data.frame" "filter_" "filter" "<Anonymous>" "freduce" "_fseq" "eval" "eval" "withVisible" "%>%" 2#75 "filtra_cand" 1#63 "FUN" "lapply" 1#57 "eval" "eval" "withVisible" "source" 
"length" "length" "data.frame" 2#140 "calcula_sim" 1#83 "FUN" "lapply" 1#57 "eval" "eval" "withVisible" "source" 
"[.data.frame" 1#77 "[" 1#77 "FUN" "lapply" 1#57 "eval" "eval" "withVisible" "source" 
"cos" 2#40 "geodesic_distance" ".Call" "mutate_impl" "mutate_.tbl_df" "mutate_" "as.data.frame" "mutate_.data.frame" "mutate_" "mutate" "<Anonymous>" "freduce" "_fseq" "eval" "eval" "withVisible" "%>%" 2#77 "filtra_cand" 1#63 "FUN" "lapply" 1#57 "eval" "eval" "withVisible" "source" 
".Call" "arrange_impl" "arrange_.tbl_df" "arrange_" "as.data.frame" "arrange_.data.frame" "arrange_" "arrange" "<Anonymous>" "freduce" "_fseq" "eval" "eval" "withVisible" "%>%" 1#86 "FUN" "lapply" 1#57 "eval" "eval" "withVisible" "source" 
"ifelse" 2#125 "calcula_sim" 1#83 "FUN" "lapply" 1#57 "eval" "eval" "withVisible" "source" 
"is.na" "ifelse" ".Call" "mutate_impl" "mutate_.tbl_df" "mutate_" "as.data.frame" "mutate_.data.frame" "mutate_" "mutate" "<Anonymous>" "freduce" "_fseq" "eval" "eval" "withVisible" "%>%" 2#77 "filtra_cand" 1#63 "FUN" "lapply" 1#57 "eval" "eval" "withVisible" "source" 
"as.name" "getNamespace" "asNamespace" "getExportedValue" "::" "filter_.tbl_df" "filter_" "as.data.frame" "filter_.data.frame" "filter_" "filter" "<Anonymous>" "freduce" "_fseq" "eval" "eval" "withVisible" "%>%" 2#73 "filtra_cand" 1#63 "FUN" "lapply" 1#57 "eval" "eval" "withVisible" "source" 
"validObject" "initialize" "standardGeneric" "initialize" "new" "newTMat" ".Arith.Csparse" "-" "-" "-" 2#131 "calcula_sim" 1#83 "FUN" "lapply" 1#57 "eval" "eval" "withVisible" "source" 
"&" 2#87 "filtra_cand" 1#63 "FUN" "lapply" 1#57 "eval" "eval" "withVisible" "source" 
"sys.parent" "sys.call" "match.call" "stopifnot" "as_data_frame" "tbl_df" "filter_" "as.data.frame" "filter_.data.frame" "filter_" "filter" "<Anonymous>" "freduce" "_fseq" "eval" "eval" "withVisible" "%>%" 2#74 "filtra_cand" 1#63 "FUN" "lapply" 1#57 "eval" "eval" "withVisible" "source" 
"lapply" "sapply" "validityMethod" "anyStrings" "validObject" "initialize" "standardGeneric" "initialize" "new" "newTMat" ".Arith.Csparse" "-" "-" "-" 2#131 "calcula_sim" 1#83 "FUN" "lapply" 1#57 "eval" "eval" "withVisible" "source" 
"ifelse" 2#43 "geodesic_distance" ".Call" "mutate_impl" "mutate_.tbl_df" "mutate_" "as.data.frame" "mutate_.data.frame" "mutate_" "mutate" "<Anonymous>" "freduce" "_fseq" "eval" "eval" "withVisible" "%>%" 2#77 "filtra_cand" 1#63 "FUN" "lapply" 1#57 "eval" "eval" "withVisible" "source" 
"dim" "dim" "FUN" "vapply" "as_data_frame" "tbl_df" "filter_" "as.data.frame" "filter_.data.frame" "filter_" "filter" "<Anonymous>" "freduce" "_fseq" "eval" "eval" "withVisible" "%>%" 2#73 "filtra_cand" 1#63 "FUN" "lapply" 1#57 "eval" "eval" "withVisible" "source" 
"ls" "loadedNamespaces" "match" "%in%" ".requirePackage" ".classEnv" "as" "validityMethod" "anyStrings" "validObject" "initialize" "standardGeneric" "initialize" "new" "newTMat" ".Arith.Csparse" "-" "-" "-" 2#131 "calcula_sim" 1#83 "FUN" "lapply" 1#57 "eval" "eval" "withVisible" "source" 
"[.data.frame" 1#77 "[" 1#77 "FUN" "lapply" 1#57 "eval" "eval" "withVisible" "source" 
"sin" 2#40 "geodesic_distance" ".Call" "mutate_impl" "mutate_.tbl_df" "mutate_" "as.data.frame" "mutate_.data.frame" "mutate_" "mutate" "<Anonymous>" "freduce" "_fseq" "eval" "eval" "withVisible" "%>%" 2#77 "filtra_cand" 1#63 "FUN" "lapply" 1#57 "eval" "eval" "withVisible" "source" 
"deparse" "FUN" "vapply" "auto_names" "auto_name" "<Anonymous>" "filter_.data.frame" "filter_" "filter" "<Anonymous>" "freduce" "_fseq" "eval" "eval" "withVisible" "%>%" 1#86 "FUN" "lapply" 1#57 "eval" "eval" "withVisible" "source" 
"is.null.DN" "intI" "subCsp_cols" "<Anonymous>" "<Anonymous>" "eval" "eval" "callGeneric" "[" "[" 2#131 "calcula_sim" 1#83 "FUN" "lapply" 1#57 "eval" "eval" "withVisible" "source" 
"ifelse" 2#43 "geodesic_distance" ".Call" "mutate_impl" "mutate_.tbl_df" "mutate_" "as.data.frame" "mutate_.data.frame" "mutate_" "mutate" "<Anonymous>" "freduce" "_fseq" "eval" "eval" "withVisible" "%>%" 2#77 "filtra_cand" 1#63 "FUN" "lapply" 1#57 "eval" "eval" "withVisible" "source" 
"%>%" 2#74 "filtra_cand" 1#63 "FUN" "lapply" 1#57 "eval" "eval" "withVisible" "source" 
"@<-" "subCsp_cols" "<Anonymous>" "<Anonymous>" "eval" "eval" "callGeneric" "[" "[" 2#131 "calcula_sim" 1#83 "FUN" "lapply" 1#57 "eval" "eval" "withVisible" "source" 
"[.data.frame" 1#77 "[" 1#77 "FUN" "lapply" 1#57 "eval" "eval" "withVisible" "source" 
"-" 2#39 "geodesic_distance" ".Call" "mutate_impl" "mutate_.tbl_df" "mutate_" "as.data.frame" "mutate_.data.frame" "mutate_" "mutate" "<Anonymous>" "freduce" "_fseq" "eval" "eval" "withVisible" "%>%" 2#77 "filtra_cand" 1#63 "FUN" "lapply" 1#57 "eval" "eval" "withVisible" "source" 
".Call" "filter_impl" "filter_.tbl_df" "filter_" "as.data.frame" "filter_.data.frame" "filter_" "filter" "<Anonymous>" "freduce" "_fseq" "eval" "eval" "withVisible" "%>%" 1#86 "FUN" "lapply" 1#57 "eval" "eval" "withVisible" "source" 
".Call" "subCsp_cols" "<Anonymous>" "<Anonymous>" "eval" "eval" "callGeneric" "[" "[" 2#122 "calcula_sim" 1#83 "FUN" "lapply" 1#57 "eval" "eval" "withVisible" "source" 
"sin" 2#40 "geodesic_distance" ".Call" "mutate_impl" "mutate_.tbl_df" "mutate_" "as.data.frame" "mutate_.data.frame" "mutate_" "mutate" "<Anonymous>" "freduce" "_fseq" "eval" "eval" "withVisible" "%>%" 2#77 "filtra_cand" 1#63 "FUN" "lapply" 1#57 "eval" "eval" "withVisible" "source" 
"anyDuplicated.default" "anyDuplicated" "data.row.names" "data.frame" "cbind" "cbind" 2#142 "calcula_sim" 1#83 "FUN" "lapply" 1#57 "eval" "eval" "withVisible" "source" 
"[.data.frame" 1#77 "[" 1#77 "FUN" "lapply" 1#57 "eval" "eval" "withVisible" "source" 
"auto_names" "auto_name" "<Anonymous>" "filter_.tbl_df" "filter_" "filter" "eval" "eval" "%>%" 1#61 "FUN" "lapply" 1#57 "eval" "eval" "withVisible" "source" 
"paste" ".sigLabel" ".findMethodInTable" ".quickCoerceSelect" "as" "validityMethod" "anyStrings" "validObject" "initialize" "standardGeneric" "initialize" "new" "newTMat" ".Arith.Csparse" "-" "-" "-" 2#122 "calcula_sim" 1#83 "FUN" "lapply" 1#57 "eval" "eval" "withVisible" "source" 
"ifelse" ".Call" "mutate_impl" "mutate_.tbl_df" "mutate_" "as.data.frame" "mutate_.data.frame" "mutate_" "mutate" "<Anonymous>" "freduce" "_fseq" "eval" "eval" "withVisible" "%>%" 2#77 "filtra_cand" 1#63 "FUN" "lapply" 1#57 "eval" "eval" "withVisible" "source" 
".Call" "filter_impl" "filter_.tbl_df" "filter_" "as.data.frame" "filter_.data.frame" "filter_" "filter" "<Anonymous>" "freduce" "_fseq" "eval" "eval" "withVisible" "%>%" 2#73 "filtra_cand" 1#63 "FUN" "lapply" 1#57 "eval" "eval" "withVisible" "source" 
"match" "%in%" ".requirePackage" ".classEnv" ".Call" ".local" "colSums" "standardGeneric" "colSums" "eval" "eval" "%>%" 2#133 "calcula_sim" 1#83 "FUN" "lapply" 1#57 "eval" "eval" "withVisible" "source" 
"is_compound_pipe" "%>%" 2#77 "filtra_cand" 1#63 "FUN" "lapply" 1#57 "eval" "eval" "withVisible" "source" 
".Call" "filter_impl" "filter_.tbl_df" "filter_" "as.data.frame" "filter_.data.frame" "filter_" "filter" "<Anonymous>" "freduce" "_fseq" "eval" "eval" "withVisible" "%>%" 2#73 "filtra_cand" 1#63 "FUN" "lapply" 1#57 "eval" "eval" "withVisible" "source" 
"cbind" 2#142 "calcula_sim" 1#83 "FUN" "lapply" 1#57 "eval" "eval" "withVisible" "source" 
"extends" "non0ind" ".Arith.Csparse" "-" "-" "-" 2#122 "calcula_sim" 1#83 "FUN" "lapply" 1#57 "eval" "eval" "withVisible" "source" 
"ifelse" 2#43 "geodesic_distance" ".Call" "mutate_impl" "mutate_.tbl_df" "mutate_" "as.data.frame" "mutate_.data.frame" "mutate_" "mutate" "<Anonymous>" "freduce" "_fseq" "eval" "eval" "withVisible" "%>%" 2#77 "filtra_cand" 1#63 "FUN" "lapply" 1#57 "eval" "eval" "withVisible" "source" 
2#132 "@<-" 2#132 "calcula_sim" 1#83 "FUN" "lapply" 1#57 "eval" "eval" "withVisible" "source" 
"[.data.frame" 1#77 "[" 1#77 "FUN" "lapply" 1#57 "eval" "eval" "withVisible" "source" 
".Call" "filter_impl" "filter_.tbl_df" "filter_" "as.data.frame" "filter_.data.frame" "filter_" "filter" "<Anonymous>" "freduce" "_fseq" "eval" "eval" "withVisible" "%>%" 2#75 "filtra_cand" 1#63 "FUN" "lapply" 1#57 "eval" "eval" "withVisible" "source" 
"lapply" "structure" "as.lazy_dots.list" "as.lazy_dots" "<Anonymous>" "arrange_.tbl_df" "arrange_" "as.data.frame" "arrange_.data.frame" "arrange_" "arrange" "<Anonymous>" "freduce" "_fseq" "eval" "eval" "withVisible" "%>%" 1#86 "FUN" "lapply" 1#57 "eval" "eval" "withVisible" "source" 
"ls" "loadedNamespaces" "match" "%in%" ".requirePackage" ".classEnv" ".Call" ".Arith.Csparse" "-" "-" "-" 2#122 "calcula_sim" 1#83 "FUN" "lapply" 1#57 "eval" "eval" "withVisible" "source" 
"ifelse" ".Call" "mutate_impl" "mutate_.tbl_df" "mutate_" "as.data.frame" "mutate_.data.frame" "mutate_" "mutate" "<Anonymous>" "freduce" "_fseq" "eval" "eval" "withVisible" "%>%" 2#77 "filtra_cand" 1#63 "FUN" "lapply" 1#57 "eval" "eval" "withVisible" "source" 
".Call" "filter_impl" "filter_.tbl_df" "filter_" "as.data.frame" "filter_.data.frame" "filter_" "filter" "<Anonymous>" "freduce" "_fseq" "eval" "eval" "withVisible" "%>%" 2#75 "filtra_cand" 1#63 "FUN" "lapply" 1#57 "eval" "eval" "withVisible" "source" 
".Call" "arrange_impl" "arrange_.tbl_df" "arrange_" "as.data.frame" "arrange_.data.frame" "arrange_" "arrange" "<Anonymous>" "freduce" "_fseq" "eval" "eval" "withVisible" "%>%" 1#86 "FUN" "lapply" 1#57 "eval" "eval" "withVisible" "source" 
"match" "%in%" ".requirePackage" ".classEnv" "validObject" "initialize" "standardGeneric" "initialize" "new" "newTMat" ".Arith.Csparse" "-" "-" "-" 2#122 "calcula_sim" 1#83 "FUN" "lapply" 1#57 "eval" "eval" "withVisible" "source" 
"ifelse" 2#43 "geodesic_distance" ".Call" "mutate_impl" "mutate_.tbl_df" "mutate_" "as.data.frame" "mutate_.data.frame" "mutate_" "mutate" "<Anonymous>" "freduce" "_fseq" "eval" "eval" "withVisible" "%>%" 2#77 "filtra_cand" 1#63 "FUN" "lapply" 1#57 "eval" "eval" "withVisible" "source" 
"as.list.default" "as.list" "alist" "as.pairlist" "eval" "wrap_function" "FUN" "lapply" "%>%" 1#61 "FUN" "lapply" 1#57 "eval" "eval" "withVisible" "source" 
".Call" "subCsp_cols" "<Anonymous>" "<Anonymous>" "eval" "eval" "callGeneric" "[" "[" 2#131 "calcula_sim" 1#83 "FUN" "lapply" 1#57 "eval" "eval" "withVisible" "source" 
1#75 "FUN" "lapply" 1#57 "eval" "eval" "withVisible" "source" 
"as.list" "lapply" "auto_names" "auto_name" "<Anonymous>" "arrange_.tbl_df" "arrange_" "as.data.frame" "arrange_.data.frame" "arrange_" "arrange" "<Anonymous>" "freduce" "_fseq" "eval" "eval" "withVisible" "%>%" 1#86 "FUN" "lapply" 1#57 "eval" "eval" "withVisible" "source" 
".Call" ".Arith.Csparse" "-" "-" "-" 2#122 "calcula_sim" 1#83 "FUN" "lapply" 1#57 "eval" "eval" "withVisible" "source" 
"ifelse" ".Call" "mutate_impl" "mutate_.tbl_df" "mutate_" "as.data.frame" "mutate_.data.frame" "mutate_" "mutate" "<Anonymous>" "freduce" "_fseq" "eval" "eval" "withVisible" "%>%" 2#77 "filtra_cand" 1#63 "FUN" "lapply" 1#57 "eval" "eval" "withVisible" "source" 
"FUN" "vapply" "as_data_frame" "tbl_df" "filter_" "as.data.frame" "filter_.data.frame" "filter_" "filter" "<Anonymous>" "freduce" "_fseq" "eval" "eval" "withVisible" "%>%" 2#73 "filtra_cand" 1#63 "FUN" "lapply" 1#57 "eval" "eval" "withVisible" "source" 
"getClassDef" "is" "validObject" "initialize" "standardGeneric" "initialize" "new" "newTMat" ".Arith.Csparse" "-" "-" "-" 2#131 "calcula_sim" 1#83 "FUN" "lapply" 1#57 "eval" "eval" "withVisible" "source" 
"%in%" ".requirePackage" ".classEnv" ".Call" "subCsp_cols" "<Anonymous>" "<Anonymous>" "eval" "eval" "callGeneric" "[" "[" 2#122 "calcula_sim" 1#83 "FUN" "lapply" 1#57 "eval" "eval" "withVisible" "source" 
"ifelse" 2#43 "geodesic_distance" ".Call" "mutate_impl" "mutate_.tbl_df" "mutate_" "as.data.frame" "mutate_.data.frame" "mutate_" "mutate" "<Anonymous>" "freduce" "_fseq" "eval" "eval" "withVisible" "%>%" 2#77 "filtra_cand" 1#63 "FUN" "lapply" 1#57 "eval" "eval" "withVisible" "source" 
"match" "%in%" "structure" "as.lazy_dots.list" "as.lazy_dots" "<Anonymous>" "arrange_.data.frame" "arrange_" "arrange" "<Anonymous>" "freduce" "_fseq" "eval" "eval" "withVisible" "%>%" 1#86 "FUN" "lapply" 1#57 "eval" "eval" "withVisible" "source" 
".Arith.Csparse" "-" "-" "-" 2#122 "calcula_sim" 1#83 "FUN" "lapply" 1#57 "eval" "eval" "withVisible" "source" 
".Call" "filter_impl" "filter_.tbl_df" "filter_" "as.data.frame" "filter_.data.frame" "filter_" "filter" "<Anonymous>" "freduce" "_fseq" "eval" "eval" "withVisible" "%>%" 2#75 "filtra_cand" 1#63 "FUN" "lapply" 1#57 "eval" "eval" "withVisible" "source" 
"match" "%in%" ".requirePackage" ".classEnv" ".Call" ".local" "colSums" "standardGeneric" "colSums" "eval" "eval" "%>%" 2#133 "calcula_sim" 1#83 "FUN" "lapply" 1#57 "eval" "eval" "withVisible" "source" 
"as.character" "row.names.data.frame" "row.names" "as.matrix.data.frame" "as.matrix" "standardGeneric" "as.matrix" 2#116 "calcula_sim" 1#83 "FUN" "lapply" 1#57 "eval" "eval" "withVisible" "source" 
"sin" 2#40 "geodesic_distance" ".Call" "mutate_impl" "mutate_.tbl_df" "mutate_" "as.data.frame" "mutate_.data.frame" "mutate_" "mutate" "<Anonymous>" "freduce" "_fseq" "eval" "eval" "withVisible" "%>%" 2#77 "filtra_cand" 1#63 "FUN" "lapply" 1#57 "eval" "eval" "withVisible" "source" 
".Call" ".Arith.Csparse" "-" "-" "-" 2#131 "calcula_sim" 1#83 "FUN" "lapply" 1#57 "eval" "eval" "withVisible" "source" 
"[.data.frame" 1#77 "[" 1#77 "FUN" "lapply" 1#57 "eval" "eval" "withVisible" "source" 
"ifelse" 2#43 "geodesic_distance" ".Call" "mutate_impl" "mutate_.tbl_df" "mutate_" "as.data.frame" "mutate_.data.frame" "mutate_" "mutate" "<Anonymous>" "freduce" "_fseq" "eval" "eval" "withVisible" "%>%" 2#77 "filtra_cand" 1#63 "FUN" "lapply" 1#57 "eval" "eval" "withVisible" "source" 
"FUN" "lapply" "auto_names" "auto_name" "<Anonymous>" "arrange_.data.frame" "arrange_" "arrange" "<Anonymous>" "withVisible" "freduce" "_fseq" "eval" "eval" "withVisible" "%>%" 1#86 "FUN" "lapply" 1#57 "eval" "eval" "withVisible" "source" 
".Call" ".identC" "possibleExtends" "extends" "non0.i" "non0ind" ".Arith.Csparse" "-" "-" "-" 2#131 "calcula_sim" 1#83 "FUN" "lapply" 1#57 "eval" "eval" "withVisible" "source" 
"names" "names" "data.frame" 2#98 "filtra_cand" 1#63 "FUN" "lapply" 1#57 "eval" "eval" "withVisible" "source" 
"sin" 2#40 "geodesic_distance" ".Call" "mutate_impl" "mutate_.tbl_df" "mutate_" "as.data.frame" "mutate_.data.frame" "mutate_" "mutate" "<Anonymous>" "freduce" "_fseq" "eval" "eval" "withVisible" "%>%" 2#77 "filtra_cand" 1#63 "FUN" "lapply" 1#57 "eval" "eval" "withVisible" "source" 
"as.lazy_dots" "auto_names" "auto_name" "<Anonymous>" "filter_.data.frame" "filter_" "filter" "<Anonymous>" "freduce" "_fseq" "eval" "eval" "withVisible" "%>%" 1#86 "FUN" "lapply" 1#57 "eval" "eval" "withVisible" "source" 
".getClassFromCache" "getClassDef" "is" "validObject" "initialize" "standardGeneric" "initialize" "new" "newTMat" ".Arith.Csparse" "-" "-" "-" 2#122 "calcula_sim" 1#83 "FUN" "lapply" 1#57 "eval" "eval" "withVisible" "source" 
"ifelse" 2#43 "geodesic_distance" ".Call" "mutate_impl" "mutate_.tbl_df" "mutate_" "as.data.frame" "mutate_.data.frame" "mutate_" "mutate" "<Anonymous>" "freduce" "_fseq" "eval" "eval" "withVisible" "%>%" 2#77 "filtra_cand" 1#63 "FUN" "lapply" 1#57 "eval" "eval" "withVisible" "source" 
"filter_.data.frame" "filter_" "filter" "<Anonymous>" "freduce" "_fseq" "eval" "eval" "withVisible" "%>%" 2#74 "filtra_cand" 1#63 "FUN" "lapply" 1#57 "eval" "eval" "withVisible" "source" 
".getClassFromCache" "getClassDef" "validObject" "initialize" "standardGeneric" "initialize" "new" "newTMat" ".Arith.Csparse" "-" "-" "-" 2#131 "calcula_sim" 1#83 "FUN" "lapply" 1#57 "eval" "eval" "withVisible" "source" 
"ifelse" ".Call" "mutate_impl" "mutate_.tbl_df" "mutate_" "as.data.frame" "mutate_.data.frame" "mutate_" "mutate" "<Anonymous>" "freduce" "_fseq" "eval" "eval" "withVisible" "%>%" 2#77 "filtra_cand" 1#63 "FUN" "lapply" 1#57 "eval" "eval" "withVisible" "source" 
"dim" "dim" "FUN" "vapply" "unique" "as_data_frame" "tbl_df" "filter_" "as.data.frame" "filter_.data.frame" "filter_" "filter" "<Anonymous>" "freduce" "_fseq" "eval" "eval" "withVisible" "%>%" 2#73 "filtra_cand" 1#63 "FUN" "lapply" 1#57 "eval" "eval" "withVisible" "source" 
"ifelse" 2#125 "calcula_sim" 1#83 "FUN" "lapply" 1#57 "eval" "eval" "withVisible" "source" 
"ifelse" ".Call" "mutate_impl" "mutate_.tbl_df" "mutate_" "as.data.frame" "mutate_.data.frame" "mutate_" "mutate" "<Anonymous>" "freduce" "_fseq" "eval" "eval" "withVisible" "%>%" 2#77 "filtra_cand" 1#63 "FUN" "lapply" 1#57 "eval" "eval" "withVisible" "source" 
"NextMethod" "structure" "c.lazy_dots" "c" "c" "<Anonymous>" "filter_.tbl_df" "filter_" "as.data.frame" "filter_.data.frame" "filter_" "filter" "<Anonymous>" "freduce" "_fseq" "eval" "eval" "withVisible" "%>%" 2#73 "filtra_cand" 1#63 "FUN" "lapply" 1#57 "eval" "eval" "withVisible" "source" 
"names" "names" "data.frame" 2#140 "calcula_sim" 1#83 "FUN" "lapply" 1#57 "eval" "eval" "withVisible" "source" 
".getClassFromCache" "getClassDef" "is" "extends" "non0ind" ".Arith.Csparse" "-" "-" "-" 2#122 "calcula_sim" 1#83 "FUN" "lapply" 1#57 "eval" "eval" "withVisible" "source" 
"alist" "eval" "eval" "see_if" "assert_that" "tbl_df" "mutate_" "as.data.frame" "mutate_.data.frame" "mutate_" "mutate" "<Anonymous>" "freduce" "_fseq" "eval" "eval" "withVisible" "%>%" 2#77 "filtra_cand" 1#63 "FUN" "lapply" 1#57 "eval" "eval" "withVisible" "source" 
"FUN" "vapply" "as_data_frame" "tbl_df" "filter_" "as.data.frame" "filter_.data.frame" "filter_" "filter" "<Anonymous>" "freduce" "_fseq" "eval" "eval" "withVisible" "%>%" 1#86 "FUN" "lapply" 1#57 "eval" "eval" "withVisible" "source" 
"ifelse" 2#125 "calcula_sim" 1#83 "FUN" "lapply" 1#57 "eval" "eval" "withVisible" "source" 
"as.name" "getNamespace" "asNamespace" "getExportedValue" "::" "<Anonymous>" "select_vars_" "select_.data.frame" "select_" "<Anonymous>" "<Anonymous>" "withVisible" "freduce" "_fseq" "eval" "eval" "withVisible" "%>%" 2#77 "filtra_cand" 1#63 "FUN" "lapply" 1#57 "eval" "eval" "withVisible" "source" 
"auto_names" "auto_name" "<Anonymous>" "filter_.data.frame" "filter_" "filter" "<Anonymous>" "freduce" "_fseq" "eval" "eval" "withVisible" "%>%" 2#75 "filtra_cand" 1#63 "FUN" "lapply" 1#57 "eval" "eval" "withVisible" "source" 
"match" "%in%" "structure" "as.lazy_dots.list" "as.lazy_dots" "<Anonymous>" "mutate_.data.frame" "mutate_" "mutate" "<Anonymous>" "freduce" "_fseq" "eval" "eval" "withVisible" "%>%" 1#86 "FUN" "lapply" 1#57 "eval" "eval" "withVisible" "source" 
"ifelse" ".Call" "mutate_impl" "mutate_.tbl_df" "mutate_" "as.data.frame" "mutate_.data.frame" "mutate_" "mutate" "<Anonymous>" "freduce" "_fseq" "eval" "eval" "withVisible" "%>%" 2#77 "filtra_cand" 1#63 "FUN" "lapply" 1#57 "eval" "eval" "withVisible" "source" 
"vapply" "unique" "as_data_frame" "tbl_df" "filter_" "as.data.frame" "filter_.data.frame" "filter_" "filter" "<Anonymous>" "freduce" "_fseq" "eval" "eval" "withVisible" "%>%" 2#73 "filtra_cand" 1#63 "FUN" "lapply" 1#57 "eval" "eval" "withVisible" "source" 
"deparse" "paste" "force" "as.data.frame.numeric" "as.data.frame" "data.frame" 2#140 "calcula_sim" 1#83 "FUN" "lapply" 1#57 "eval" "eval" "withVisible" "source" 
"&" 2#87 "filtra_cand" 1#63 "FUN" "lapply" 1#57 "eval" "eval" "withVisible" "source" 
"split_chain" "%>%" 2#77 "filtra_cand" 1#63 "FUN" "lapply" 1#57 "eval" "eval" "withVisible" "source" 
"%>%" 1#86 "FUN" "lapply" 1#57 "eval" "eval" "withVisible" "source" 
"el" "initialize" "standardGeneric" "initialize" "new" "newTMat" ".Arith.Csparse" "-" "-" "-" 2#122 "calcula_sim" 1#83 "FUN" "lapply" 1#57 "eval" "eval" "withVisible" "source" 
"ifelse" 2#43 "geodesic_distance" ".Call" "mutate_impl" "mutate_.tbl_df" "mutate_" "as.data.frame" "mutate_.data.frame" "mutate_" "mutate" "<Anonymous>" "freduce" "_fseq" "eval" "eval" "withVisible" "%>%" 2#77 "filtra_cand" 1#63 "FUN" "lapply" 1#57 "eval" "eval" "withVisible" "source" 
".Call" "filter_impl" "filter_.tbl_df" "filter_" "filter" "eval" "eval" "%>%" 1#61 "FUN" "lapply" 1#57 "eval" "eval" "withVisible" "source" 
"getClassDef" "validObject" "initialize" "standardGeneric" "initialize" "new" "newTMat" ".Arith.Csparse" "-" "-" "-" 2#131 "calcula_sim" 1#83 "FUN" "lapply" 1#57 "eval" "eval" "withVisible" "source" 
"[.data.frame" 1#77 "[" 1#77 "FUN" "lapply" 1#57 "eval" "eval" "withVisible" "source" 
"sin" 2#40 "geodesic_distance" ".Call" "mutate_impl" "mutate_.tbl_df" "mutate_" "as.data.frame" "mutate_.data.frame" "mutate_" "mutate" "<Anonymous>" "freduce" "_fseq" "eval" "eval" "withVisible" "%>%" 2#77 "filtra_cand" 1#63 "FUN" "lapply" 1#57 "eval" "eval" "withVisible" "source" 
"match.fun" "sapply" "validityMethod" "anyStrings" "validObject" "initialize" "standardGeneric" "initialize" "new" "newTMat" ".Arith.Csparse" "-" "-" "-" 2#131 "calcula_sim" 1#83 "FUN" "lapply" 1#57 "eval" "eval" "withVisible" "source" 
"[.data.frame" 1#77 "[" 1#77 "FUN" "lapply" 1#57 "eval" "eval" "withVisible" "source" 
"cos" 2#40 "geodesic_distance" ".Call" "mutate_impl" "mutate_.tbl_df" "mutate_" "as.data.frame" "mutate_.data.frame" "mutate_" "mutate" "<Anonymous>" "freduce" "_fseq" "eval" "eval" "withVisible" "%>%" 2#77 "filtra_cand" 1#63 "FUN" "lapply" 1#57 "eval" "eval" "withVisible" "source" 
"nchar" "FUN" "vapply" "auto_names" "auto_name" "<Anonymous>" "filter_.tbl_df" "filter_" "filter" "eval" "eval" "%>%" 1#61 "FUN" "lapply" 1#57 "eval" "eval" "withVisible" "source" 
"ls" "loadedNamespaces" "match" "%in%" ".requirePackage" ".classEnv" "as" "validityMethod" "anyStrings" "validObject" "initialize" "standardGeneric" "initialize" "new" "newTMat" ".Arith.Csparse" "-" "-" "-" 2#131 "calcula_sim" 1#83 "FUN" "lapply" 1#57 "eval" "eval" "withVisible" "source" 
"[.data.frame" 1#77 "[" 1#77 "FUN" "lapply" 1#57 "eval" "eval" "withVisible" "source" 
"/" 2#40 "geodesic_distance" ".Call" "mutate_impl" "mutate_.tbl_df" "mutate_" "as.data.frame" "mutate_.data.frame" "mutate_" "mutate" "<Anonymous>" "freduce" "_fseq" "eval" "eval" "withVisible" "%>%" 2#77 "filtra_cand" 1#63 "FUN" "lapply" 1#57 "eval" "eval" "withVisible" "source" 
".Call" "left_join_impl" "left_join.tbl_df" "left_join" "as.data.frame" "left_join.data.frame" "left_join" "<Anonymous>" "freduce" "_fseq" "eval" "eval" "withVisible" "%>%" 1#86 "FUN" "lapply" 1#57 "eval" "eval" "withVisible" "source" 
"tryCatch" "ls" "loadedNamespaces" "match" "%in%" ".requirePackage" ".classEnv" ".Call" ".Arith.Csparse" "-" "-" "-" 2#122 "calcula_sim" 1#83 "FUN" "lapply" 1#57 "eval" "eval" "withVisible" "source" 
"ifelse" ".Call" "mutate_impl" "mutate_.tbl_df" "mutate_" "as.data.frame" "mutate_.data.frame" "mutate_" "mutate" "<Anonymous>" "freduce" "_fseq" "eval" "eval" "withVisible" "%>%" 2#77 "filtra_cand" 1#63 "FUN" "lapply" 1#57 "eval" "eval" "withVisible" "source" 
".Call" "filter_impl" "filter_.tbl_df" "filter_" "as.data.frame" "filter_.data.frame" "filter_" "filter" "<Anonymous>" "freduce" "_fseq" "eval" "eval" "withVisible" "%>%" 2#73 "filtra_cand" 1#63 "FUN" "lapply" 1#57 "eval" "eval" "withVisible" "source" 
"data.frame" 2#140 "calcula_sim" 1#83 "FUN" "lapply" 1#57 "eval" "eval" "withVisible" "source" 
"ifelse" ".Call" "mutate_impl" "mutate_.tbl_df" "mutate_" "as.data.frame" "mutate_.data.frame" "mutate_" "mutate" "<Anonymous>" "freduce" "_fseq" "eval" "eval" "withVisible" "%>%" 2#77 "filtra_cand" 1#63 "FUN" "lapply" 1#57 "eval" "eval" "withVisible" "source" 
"filter_.tbl_df" "filter_" "as.data.frame" "filter_.data.frame" "filter_" "filter" "<Anonymous>" "freduce" "_fseq" "eval" "eval" "withVisible" "%>%" 2#73 "filtra_cand" 1#63 "FUN" "lapply" 1#57 "eval" "eval" "withVisible" "source" 
"<Anonymous>" "eval" "eval" "callGeneric" "[" "[" 2#131 "calcula_sim" 1#83 "FUN" "lapply" 1#57 "eval" "eval" "withVisible" "source" 
"ifelse" ".Call" "mutate_impl" "mutate_.tbl_df" "mutate_" "as.data.frame" "mutate_.data.frame" "mutate_" "mutate" "<Anonymous>" "freduce" "_fseq" "eval" "eval" "withVisible" "%>%" 2#77 "filtra_cand" 1#63 "FUN" "lapply" 1#57 "eval" "eval" "withVisible" "source" 
"NextMethod" "[.factor" "[" "[.data.frame" 1#59 "[" 1#59 "FUN" "lapply" 1#57 "eval" "eval" "withVisible" "source" 
"getClassDef" "validObject" "initialize" "standardGeneric" "initialize" "new" "newTMat" ".Arith.Csparse" "-" "-" "-" 2#131 "calcula_sim" 1#83 "FUN" "lapply" 1#57 "eval" "eval" "withVisible" "source" 
".set_row_names" "as.data.frame.numeric" "as.data.frame" "data.frame" 2#98 "filtra_cand" 1#63 "FUN" "lapply" 1#57 "eval" "eval" "withVisible" "source" 
"sin" 2#40 "geodesic_distance" ".Call" "mutate_impl" "mutate_.tbl_df" "mutate_" "as.data.frame" "mutate_.data.frame" "mutate_" "mutate" "<Anonymous>" "freduce" "_fseq" "eval" "eval" "withVisible" "%>%" 2#77 "filtra_cand" 1#63 "FUN" "lapply" 1#57 "eval" "eval" "withVisible" "source" 
"auto_names" "auto_name" "<Anonymous>" "filter_.data.frame" "filter_" "filter" "<Anonymous>" "freduce" "_fseq" "eval" "eval" "withVisible" "%>%" 1#86 "FUN" "lapply" 1#57 "eval" "eval" "withVisible" "source" 
"match" "elNamed" "checkAtAssignment" "subCsp_cols" "<Anonymous>" "<Anonymous>" "eval" "eval" "callGeneric" "[" "[" 2#131 "calcula_sim" 1#83 "FUN" "lapply" 1#57 "eval" "eval" "withVisible" "source" 
"ifelse" ".Call" "mutate_impl" "mutate_.tbl_df" "mutate_" "as.data.frame" "mutate_.data.frame" "mutate_" "mutate" "<Anonymous>" "freduce" "_fseq" "eval" "eval" "withVisible" "%>%" 2#77 "filtra_cand" 1#63 "FUN" "lapply" 1#57 "eval" "eval" "withVisible" "source" 
".Call" "filter_impl" "filter_.tbl_df" "filter_" "as.data.frame" "filter_.data.frame" "filter_" "filter" "<Anonymous>" "freduce" "_fseq" "eval" "eval" "withVisible" "%>%" 2#74 "filtra_cand" 1#63 "FUN" "lapply" 1#57 "eval" "eval" "withVisible" "source" 
".Call" "slot<-" "initialize" "standardGeneric" "initialize" "new" "newTMat" ".Arith.Csparse" "-" "-" "-" 2#122 "calcula_sim" 1#83 "FUN" "lapply" 1#57 "eval" "eval" "withVisible" "source" 
"ifelse" 2#43 "geodesic_distance" ".Call" "mutate_impl" "mutate_.tbl_df" "mutate_" "as.data.frame" "mutate_.data.frame" "mutate_" "mutate" "<Anonymous>" "freduce" "_fseq" "eval" "eval" "withVisible" "%>%" 2#77 "filtra_cand" 1#63 "FUN" "lapply" 1#57 "eval" "eval" "withVisible" "source" 
"[[.data.frame" "[[" "[.data.frame" 1#59 "[" 1#59 "FUN" "lapply" 1#57 "eval" "eval" "withVisible" "source" 
".getClassFromCache" "getClassDef" "is" "extends" "non0.i" "non0ind" ".Arith.Csparse" "-" "-" "-" 2#131 "calcula_sim" 1#83 "FUN" "lapply" 1#57 "eval" "eval" "withVisible" "source" 
"ifelse" ".Call" "mutate_impl" "mutate_.tbl_df" "mutate_" "as.data.frame" "mutate_.data.frame" "mutate_" "mutate" "<Anonymous>" "freduce" "_fseq" "eval" "eval" "withVisible" "%>%" 2#77 "filtra_cand" 1#63 "FUN" "lapply" 1#57 "eval" "eval" "withVisible" "source" 
"structure" "[.lazy_dots" "[" "lapply" "auto_names" "auto_name" "<Anonymous>" "arrange_.data.frame" "arrange_" "arrange" "<Anonymous>" "withVisible" "freduce" "_fseq" "eval" "eval" "withVisible" "%>%" 1#86 "FUN" "lapply" 1#57 "eval" "eval" "withVisible" "source" 
"ls" "loadedNamespaces" "match" "%in%" ".requirePackage" ".classEnv" "validObject" "initialize" "standardGeneric" "initialize" "new" "newTMat" ".Arith.Csparse" "-" "-" "-" 2#122 "calcula_sim" 1#83 "FUN" "lapply" 1#57 "eval" "eval" "withVisible" "source" 
".Call" "filter_impl" "filter_.tbl_df" "filter_" "as.data.frame" "filter_.data.frame" "filter_" "filter" "<Anonymous>" "freduce" "_fseq" "eval" "eval" "withVisible" "%>%" 2#73 "filtra_cand" 1#63 "FUN" "lapply" 1#57 "eval" "eval" "withVisible" "source" 
"ls" "loadedNamespaces" "match" "%in%" ".requirePackage" ".classEnv" "as" "validityMethod" "anyStrings" "validObject" "initialize" "standardGeneric" "initialize" "new" "newTMat" ".Arith.Csparse" "-" "-" "-" 2#131 "calcula_sim" 1#83 "FUN" "lapply" 1#57 "eval" "eval" "withVisible" "source" 
"c" "FUN" "lapply" "<Anonymous>" "select_vars_" "select_.data.frame" "select_" "<Anonymous>" "<Anonymous>" "withVisible" "freduce" "_fseq" "eval" "eval" "withVisible" "%>%" 2#77 "filtra_cand" 1#63 "FUN" "lapply" 1#57 "eval" "eval" "withVisible" "source" 
"c" 2#28 "geodesic_distance" ".Call" "mutate_impl" "mutate_.tbl_df" "mutate_" "as.data.frame" "mutate_.data.frame" "mutate_" "mutate" "<Anonymous>" "freduce" "_fseq" "eval" "eval" "withVisible" "%>%" 2#77 "filtra_cand" 1#63 "FUN" "lapply" 1#57 "eval" "eval" "withVisible" "source" 
"stopifnot" "as_data_frame" "tbl_df" "arrange_" "as.data.frame" "arrange_.data.frame" "arrange_" "arrange" "<Anonymous>" "freduce" "_fseq" "eval" "eval" "withVisible" "%>%" 1#86 "FUN" "lapply" 1#57 "eval" "eval" "withVisible" "source" 
".Call" ".Arith.Csparse" "-" "-" "-" 2#122 "calcula_sim" 1#83 "FUN" "lapply" 1#57 "eval" "eval" "withVisible" "source" 
".Call" "filter_impl" "filter_.tbl_df" "filter_" "as.data.frame" "filter_.data.frame" "filter_" "filter" "<Anonymous>" "freduce" "_fseq" "eval" "eval" "withVisible" "%>%" 2#75 "filtra_cand" 1#63 "FUN" "lapply" 1#57 "eval" "eval" "withVisible" "source" 
"match.fun" "lapply" "auto_names" "auto_name" "<Anonymous>" "mutate_.tbl_df" "mutate_" "as.data.frame" "mutate_.data.frame" "mutate_" "mutate" "<Anonymous>" "freduce" "_fseq" "eval" "eval" "withVisible" "%>%" 1#86 "FUN" "lapply" 1#57 "eval" "eval" "withVisible" "source" 
"ls" "loadedNamespaces" "match" "%in%" ".requirePackage" ".classEnv" "as" "validityMethod" "anyStrings" "validObject" "initialize" "standardGeneric" "initialize" "new" "newTMat" ".Arith.Csparse" "-" "-" "-" 2#122 "calcula_sim" 1#83 "FUN" "lapply" 1#57 "eval" "eval" "withVisible" "source" 
"is.na" "ifelse" ".Call" "mutate_impl" "mutate_.tbl_df" "mutate_" "as.data.frame" "mutate_.data.frame" "mutate_" "mutate" "<Anonymous>" "freduce" "_fseq" "eval" "eval" "withVisible" "%>%" 2#77 "filtra_cand" 1#63 "FUN" "lapply" 1#57 "eval" "eval" "withVisible" "source" 
"vapply" "as_data_frame" "tbl_df" "filter_" "as.data.frame" "filter_.data.frame" "filter_" "filter" "<Anonymous>" "freduce" "_fseq" "eval" "eval" "withVisible" "%>%" 2#73 "filtra_cand" 1#63 "FUN" "lapply" 1#57 "eval" "eval" "withVisible" "source" 
"as.list" "data.frame" 2#140 "calcula_sim" 1#83 "FUN" "lapply" 1#57 "eval" "eval" "withVisible" "source" 
"get" "callGeneric" "[" "[" 2#122 "calcula_sim" 1#83 "FUN" "lapply" 1#57 "eval" "eval" "withVisible" "source" 
"ifelse" 2#43 "geodesic_distance" ".Call" "mutate_impl" "mutate_.tbl_df" "mutate_" "as.data.frame" "mutate_.data.frame" "mutate_" "mutate" "<Anonymous>" "freduce" "_fseq" "eval" "eval" "withVisible" "%>%" 2#77 "filtra_cand" 1#63 "FUN" "lapply" 1#57 "eval" "eval" "withVisible" "source" 
"is_pipe" "split_chain" "%>%" 2#73 "filtra_cand" 1#63 "FUN" "lapply" 1#57 "eval" "eval" "withVisible" "source" 
".Call" ".Arith.Csparse" "-" "-" "-" 2#131 "calcula_sim" 1#83 "FUN" "lapply" 1#57 "eval" "eval" "withVisible" "source" 
"[.data.frame" 1#77 "[" 1#77 "FUN" "lapply" 1#57 "eval" "eval" "withVisible" "source" 
"vapply" "as_data_frame" "tbl_df" "filter_" "as.data.frame" "filter_.data.frame" "filter_" "filter" "<Anonymous>" "freduce" "_fseq" "eval" "eval" "withVisible" "%>%" 2#73 "filtra_cand" 1#63 "FUN" "lapply" 1#57 "eval" "eval" "withVisible" "source" 
"data.frame" "cbind" "cbind" 2#142 "calcula_sim" 1#83 "FUN" "lapply" 1#57 "eval" "eval" "withVisible" "source" 
"ls" "loadedNamespaces" "match" "%in%" ".requirePackage" ".classEnv" ".Call" "subCsp_cols" "<Anonymous>" "<Anonymous>" "eval" "eval" "callGeneric" "[" "[" 2#122 "calcula_sim" 1#83 "FUN" "lapply" 1#57 "eval" "eval" "withVisible" "source" 
"ifelse" 2#43 "geodesic_distance" ".Call" "mutate_impl" "mutate_.tbl_df" "mutate_" "as.data.frame" "mutate_.data.frame" "mutate_" "mutate" "<Anonymous>" "freduce" "_fseq" "eval" "eval" "withVisible" "%>%" 2#77 "filtra_cand" 1#63 "FUN" "lapply" 1#57 "eval" "eval" "withVisible" "source" 
".Call" "filter_impl" "filter_.tbl_df" "filter_" "filter" "eval" "eval" "%>%" 1#61 "FUN" "lapply" 1#57 "eval" "eval" "withVisible" "source" 
".Call" ".identC" "possibleExtends" "extends" "non0ind" ".Arith.Csparse" "-" "-" "-" 2#131 "calcula_sim" 1#83 "FUN" "lapply" 1#57 "eval" "eval" "withVisible" "source" 
"[.data.frame" 1#77 "[" 1#77 "FUN" "lapply" 1#57 "eval" "eval" "withVisible" "source" 
"sin" 2#40 "geodesic_distance" ".Call" "mutate_impl" "mutate_.tbl_df" "mutate_" "as.data.frame" "mutate_.data.frame" "mutate_" "mutate" "<Anonymous>" "freduce" "_fseq" "eval" "eval" "withVisible" "%>%" 2#77 "filtra_cand" 1#63 "FUN" "lapply" 1#57 "eval" "eval" "withVisible" "source" 
"as_data_frame" "tbl_df" "filter_" "as.data.frame" "filter_.data.frame" "filter_" "filter" "<Anonymous>" "freduce" "_fseq" "eval" "eval" "withVisible" "%>%" 1#86 "FUN" "lapply" 1#57 "eval" "eval" "withVisible" "source" 
"ifelse" 2#125 "calcula_sim" 1#83 "FUN" "lapply" 1#57 "eval" "eval" "withVisible" "source" 
"ifelse" ".Call" "mutate_impl" "mutate_.tbl_df" "mutate_" "as.data.frame" "mutate_.data.frame" "mutate_" "mutate" "<Anonymous>" "freduce" "_fseq" "eval" "eval" "withVisible" "%>%" 2#77 "filtra_cand" 1#63 "FUN" "lapply" 1#57 "eval" "eval" "withVisible" "source" 
"==" ".Call" "filter_impl" "filter_.tbl_df" "filter_" "as.data.frame" "filter_.data.frame" "filter_" "filter" "<Anonymous>" "freduce" "_fseq" "eval" "eval" "withVisible" "%>%" 2#75 "filtra_cand" 1#63 "FUN" "lapply" 1#57 "eval" "eval" "withVisible" "source" 
".Call" "subCsp_cols" "<Anonymous>" "<Anonymous>" "eval" "eval" "callGeneric" "[" "[" 2#131 "calcula_sim" 1#83 "FUN" "lapply" 1#57 "eval" "eval" "withVisible" "source" 
1#75 "FUN" "lapply" 1#57 "eval" "eval" "withVisible" "source" 
"sin" 2#40 "geodesic_distance" ".Call" "mutate_impl" "mutate_.tbl_df" "mutate_" "as.data.frame" "mutate_.data.frame" "mutate_" "mutate" "<Anonymous>" "freduce" "_fseq" "eval" "eval" "withVisible" "%>%" 2#77 "filtra_cand" 1#63 "FUN" "lapply" 1#57 "eval" "eval" "withVisible" "source" 
"withVisible" "freduce" "_fseq" "eval" "eval" "withVisible" "%>%" 1#86 "FUN" "lapply" 1#57 "eval" "eval" "withVisible" "source" 
"initialize" "standardGeneric" "initialize" "new" "newTMat" ".Arith.Csparse" "-" "-" "-" 2#131 "calcula_sim" 1#83 "FUN" "lapply" 1#57 "eval" "eval" "withVisible" "source" 
"<Anonymous>" "select_.data.frame" "select_" "<Anonymous>" "<Anonymous>" "withVisible" "freduce" "_fseq" "eval" "eval" "withVisible" "%>%" 2#77 "filtra_cand" 1#63 "FUN" "lapply" 1#57 "eval" "eval" "withVisible" "source" 
".Call" "filter_impl" "filter_.tbl_df" "filter_" "as.data.frame" "filter_.data.frame" "filter_" "filter" "<Anonymous>" "freduce" "_fseq" "eval" "eval" "withVisible" "%>%" 2#75 "filtra_cand" 1#63 "FUN" "lapply" 1#57 "eval" "eval" "withVisible" "source" 
"<Anonymous>" "freduce" "_fseq" "eval" "eval" "withVisible" "%>%" 1#86 "FUN" "lapply" 1#57 "eval" "eval" "withVisible" "source" 
"getOption" "Matrix.msg" "<Anonymous>" "<Anonymous>" "eval" "eval" "callGeneric" "[" "[" 2#122 "calcula_sim" 1#83 "FUN" "lapply" 1#57 "eval" "eval" "withVisible" "source" 
"cos" 2#40 "geodesic_distance" ".Call" "mutate_impl" "mutate_.tbl_df" "mutate_" "as.data.frame" "mutate_.data.frame" "mutate_" "mutate" "<Anonymous>" "freduce" "_fseq" "eval" "eval" "withVisible" "%>%" 2#77 "filtra_cand" 1#63 "FUN" "lapply" 1#57 "eval" "eval" "withVisible" "source" 
".Call" "filter_impl" "filter_.tbl_df" "filter_" "filter" "eval" "eval" "%>%" 1#61 "FUN" "lapply" 1#57 "eval" "eval" "withVisible" "source" 
".Call" "subCsp_cols" "<Anonymous>" "<Anonymous>" "eval" "eval" "callGeneric" "[" "[" 2#122 "calcula_sim" 1#83 "FUN" "lapply" 1#57 "eval" "eval" "withVisible" "source" 
"ifelse" ".Call" "mutate_impl" "mutate_.tbl_df" "mutate_" "as.data.frame" "mutate_.data.frame" "mutate_" "mutate" "<Anonymous>" "freduce" "_fseq" "eval" "eval" "withVisible" "%>%" 2#77 "filtra_cand" 1#63 "FUN" "lapply" 1#57 "eval" "eval" "withVisible" "source" 
".Call" "filter_impl" "filter_.tbl_df" "filter_" "as.data.frame" "filter_.data.frame" "filter_" "filter" "<Anonymous>" "freduce" "_fseq" "eval" "eval" "withVisible" "%>%" 2#74 "filtra_cand" 1#63 "FUN" "lapply" 1#57 "eval" "eval" "withVisible" "source" 
"as" "validityMethod" "anyStrings" "validObject" "initialize" "standardGeneric" "initialize" "new" "newTMat" ".Arith.Csparse" "-" "-" "-" 2#131 "calcula_sim" 1#83 "FUN" "lapply" 1#57 "eval" "eval" "withVisible" "source" 
"<" 2#84 "filtra_cand" 1#63 "FUN" "lapply" 1#57 "eval" "eval" "withVisible" "source" 
"anyNA" "stopifnot" "as_data_frame" "tbl_df" "filter_" "as.data.frame" "filter_.data.frame" "filter_" "filter" "<Anonymous>" "freduce" "_fseq" "eval" "eval" "withVisible" "%>%" 2#74 "filtra_cand" 1#63 "FUN" "lapply" 1#57 "eval" "eval" "withVisible" "source" 
"getNamespace" "asNamespace" "getExportedValue" "::" "as.lazy_dots" "<Anonymous>" "select_.data.frame" "select_" "<Anonymous>" "<Anonymous>" "freduce" "_fseq" "eval" "eval" "withVisible" "%>%" 1#86 "FUN" "lapply" 1#57 "eval" "eval" "withVisible" "source" 
"as" "validityMethod" "anyStrings" "validObject" "initialize" "standardGeneric" "initialize" "new" "newTMat" ".Arith.Csparse" "-" "-" "-" 2#122 "calcula_sim" 1#83 "FUN" "lapply" 1#57 "eval" "eval" "withVisible" "source" 
"ifelse" ".Call" "mutate_impl" "mutate_.tbl_df" "mutate_" "as.data.frame" "mutate_.data.frame" "mutate_" "mutate" "<Anonymous>" "freduce" "_fseq" "eval" "eval" "withVisible" "%>%" 2#77 "filtra_cand" 1#63 "FUN" "lapply" 1#57 "eval" "eval" "withVisible" "source" 
"as.pairlist" "eval" "wrap_function" "FUN" "lapply" "%>%" 2#73 "filtra_cand" 1#63 "FUN" "lapply" 1#57 "eval" "eval" "withVisible" "source" 
"match.call" "split_chain" "%>%" 2#126 "calcula_sim" 1#83 "FUN" "lapply" 1#57 "eval" "eval" "withVisible" "source" 
"cos" 2#40 "geodesic_distance" ".Call" "mutate_impl" "mutate_.tbl_df" "mutate_" "as.data.frame" "mutate_.data.frame" "mutate_" "mutate" "<Anonymous>" "freduce" "_fseq" "eval" "eval" "withVisible" "%>%" 2#77 "filtra_cand" 1#63 "FUN" "lapply" 1#57 "eval" "eval" "withVisible" "source" 
"names" "%||%" "names2" "as_data_frame" "tbl_df" "filter_" "as.data.frame" "filter_.data.frame" "filter_" "filter" "<Anonymous>" "freduce" "_fseq" "eval" "eval" "withVisible" "%>%" 2#73 "filtra_cand" 1#63 "FUN" "lapply" 1#57 "eval" "eval" "withVisible" "source" 
"match" "%in%" ".requirePackage" ".classEnv" "as" "validityMethod" "anyStrings" "validObject" "initialize" "standardGeneric" "initialize" "new" "newTMat" ".Arith.Csparse" "-" "-" "-" 2#131 "calcula_sim" 1#83 "FUN" "lapply" 1#57 "eval" "eval" "withVisible" "source" 
"[.data.frame" 1#77 "[" 1#77 "FUN" "lapply" 1#57 "eval" "eval" "withVisible" "source" 
"sin" 2#40 "geodesic_distance" ".Call" "mutate_impl" "mutate_.tbl_df" "mutate_" "as.data.frame" "mutate_.data.frame" "mutate_" "mutate" "<Anonymous>" "freduce" "_fseq" "eval" "eval" "withVisible" "%>%" 2#77 "filtra_cand" 1#63 "FUN" "lapply" 1#57 "eval" "eval" "withVisible" "source" 
"%in%" "structure" "c.lazy_dots" "c" "c" "<Anonymous>" "arrange_.tbl_df" "arrange_" "as.data.frame" "arrange_.data.frame" "arrange_" "arrange" "<Anonymous>" "withVisible" "freduce" "_fseq" "eval" "eval" "withVisible" "%>%" 1#86 "FUN" "lapply" 1#57 "eval" "eval" "withVisible" "source" 
2#131 "calcula_sim" 1#83 "FUN" "lapply" 1#57 "eval" "eval" "withVisible" "source" 
"&" 2#87 "filtra_cand" 1#63 "FUN" "lapply" 1#57 "eval" "eval" "withVisible" "source" 
"as.list" "vapply" "is_first" "split_chain" "%>%" 2#77 "filtra_cand" 1#63 "FUN" "lapply" 1#57 "eval" "eval" "withVisible" "source" 
"ifelse" ".Call" "mutate_impl" "mutate_.tbl_df" "mutate_" "as.data.frame" "mutate_.data.frame" "mutate_" "mutate" "<Anonymous>" "freduce" "_fseq" "eval" "eval" "withVisible" "%>%" 1#86 "FUN" "lapply" 1#57 "eval" "eval" "withVisible" "source" 
"as.lazy" "FUN" "lapply" "<Anonymous>" "select_vars_" "select_.data.frame" "select_" "<Anonymous>" "<Anonymous>" "withVisible" "freduce" "_fseq" "eval" "eval" "withVisible" "%>%" 2#77 "filtra_cand" 1#63 "FUN" "lapply" 1#57 "eval" "eval" "withVisible" "source" 
"FUN" "vapply" "as_data_frame" "tbl_df" "filter_" "as.data.frame" "filter_.data.frame" "filter_" "filter" "<Anonymous>" "freduce" "_fseq" "eval" "eval" "withVisible" "%>%" 2#74 "filtra_cand" 1#63 "FUN" "lapply" 1#57 "eval" "eval" "withVisible" "source" 
"as.data.frame" "data.frame" 2#140 "calcula_sim" 1#83 "FUN" "lapply" 1#57 "eval" "eval" "withVisible" "source" 
"ls" "loadedNamespaces" "match" "%in%" ".requirePackage" ".classEnv" "validObject" "initialize" "standardGeneric" "initialize" "new" "newTMat" ".Arith.Csparse" "-" "-" "-" 2#122 "calcula_sim" 1#83 "FUN" "lapply" 1#57 "eval" "eval" "withVisible" "source" 
"ifelse" 2#43 "geodesic_distance" ".Call" "mutate_impl" "mutate_.tbl_df" "mutate_" "as.data.frame" "mutate_.data.frame" "mutate_" "mutate" "<Anonymous>" "freduce" "_fseq" "eval" "eval" "withVisible" "%>%" 2#77 "filtra_cand" 1#63 "FUN" "lapply" 1#57 "eval" "eval" "withVisible" "source" 
"eval" "wrap_function" "FUN" "lapply" "%>%" 2#73 "filtra_cand" 1#63 "FUN" "lapply" 1#57 "eval" "eval" "withVisible" "source" 
"eval" "%>%" 2#133 "calcula_sim" 1#83 "FUN" "lapply" 1#57 "eval" "eval" "withVisible" "source" 
"[.data.frame" 1#77 "[" 1#77 "FUN" "lapply" 1#57 "eval" "eval" "withVisible" "source" 
"c" "<Anonymous>" "mutate_.data.frame" "mutate_" "mutate" "<Anonymous>" "freduce" "_fseq" "eval" "eval" "withVisible" "%>%" 2#77 "filtra_cand" 1#63 "FUN" "lapply" 1#57 "eval" "eval" "withVisible" "source" 
"withVisible" "freduce" "_fseq" "eval" "eval" "withVisible" "%>%" 2#133 "calcula_sim" 1#83 "FUN" "lapply" 1#57 "eval" "eval" "withVisible" "source" 
"%in%" "[[.data.frame" "[[" "$.data.frame" "$" "data.frame" 2#98 "filtra_cand" 1#63 "FUN" "lapply" 1#57 "eval" "eval" "withVisible" "source" 
"::" "arrange_.tbl_df" "arrange_" "as.data.frame" "arrange_.data.frame" "arrange_" "arrange" "<Anonymous>" "withVisible" "freduce" "_fseq" "eval" "eval" "withVisible" "%>%" 1#86 "FUN" "lapply" 1#57 "eval" "eval" "withVisible" "source" 
"ifelse" 2#125 "calcula_sim" 1#83 "FUN" "lapply" 1#57 "eval" "eval" "withVisible" "source" 
"ifelse" ".Call" "mutate_impl" "mutate_.tbl_df" "mutate_" "as.data.frame" "mutate_.data.frame" "mutate_" "mutate" "<Anonymous>" "freduce" "_fseq" "eval" "eval" "withVisible" "%>%" 2#77 "filtra_cand" 1#63 "FUN" "lapply" 1#57 "eval" "eval" "withVisible" "source" 
"names<-" "names<-" "auto_name" "<Anonymous>" "filter_.data.frame" "filter_" "filter" "<Anonymous>" "freduce" "_fseq" "eval" "eval" "withVisible" "%>%" 2#73 "filtra_cand" 1#63 "FUN" "lapply" 1#57 "eval" "eval" "withVisible" "source" 
".getClassFromCache" "getClassDef" "validObject" "initialize" "standardGeneric" "initialize" "new" "newTMat" ".Arith.Csparse" "-" "-" "-" 2#131 "calcula_sim" 1#83 "FUN" "lapply" 1#57 "eval" "eval" "withVisible" "source" 
"anyDuplicated.default" "anyDuplicated" "[.data.frame" 1#77 "[" 1#77 "FUN" "lapply" 1#57 "eval" "eval" "withVisible" "source" 
"ifelse" 2#43 "geodesic_distance" ".Call" "mutate_impl" "mutate_.tbl_df" "mutate_" "as.data.frame" "mutate_.data.frame" "mutate_" "mutate" "<Anonymous>" "freduce" "_fseq" "eval" "eval" "withVisible" "%>%" 2#77 "filtra_cand" 1#63 "FUN" "lapply" 1#57 "eval" "eval" "withVisible" "source" 
".Call" "filter_impl" "filter_.tbl_df" "filter_" "filter" "eval" "eval" "%>%" 1#61 "FUN" "lapply" 1#57 "eval" "eval" "withVisible" "source" 
"ls" "loadedNamespaces" "match" "%in%" ".requirePackage" ".classEnv" "as" "validityMethod" "anyStrings" "validObject" "initialize" "standardGeneric" "initialize" "new" "newTMat" ".Arith.Csparse" "-" "-" "-" 2#131 "calcula_sim" 1#83 "FUN" "lapply" 1#57 "eval" "eval" "withVisible" "source" 
"ifelse" ".Call" "mutate_impl" "mutate_.tbl_df" "mutate_" "as.data.frame" "mutate_.data.frame" "mutate_" "mutate" "<Anonymous>" "freduce" "_fseq" "eval" "eval" "withVisible" "%>%" 2#77 "filtra_cand" 1#63 "FUN" "lapply" 1#57 "eval" "eval" "withVisible" "source" 
"stopifnot" "as_data_frame" "tbl_df" "mutate_" "as.data.frame" "mutate_.data.frame" "mutate_" "mutate" "<Anonymous>" "freduce" "_fseq" "eval" "eval" "withVisible" "%>%" 2#77 "filtra_cand" 1#63 "FUN" "lapply" 1#57 "eval" "eval" "withVisible" "source" 
"initialize" "standardGeneric" "initialize" "new" "newTMat" ".Arith.Csparse" "-" "-" "-" 2#131 "calcula_sim" 1#83 "FUN" "lapply" 1#57 "eval" "eval" "withVisible" "source" 
"ifelse" ".Call" "mutate_impl" "mutate_.tbl_df" "mutate_" "as.data.frame" "mutate_.data.frame" "mutate_" "mutate" "<Anonymous>" "freduce" "_fseq" "eval" "eval" "withVisible" "%>%" 2#77 "filtra_cand" 1#63 "FUN" "lapply" 1#57 "eval" "eval" "withVisible" "source" 
"as.data.frame" "filter_.data.frame" "filter_" "filter" "<Anonymous>" "freduce" "_fseq" "eval" "eval" "withVisible" "%>%" 2#74 "filtra_cand" 1#63 "FUN" "lapply" 1#57 "eval" "eval" "withVisible" "source" 
"as.list" "alist" "as.pairlist" "eval" "wrap_function" "FUN" "lapply" "%>%" 1#86 "FUN" "lapply" 1#57 "eval" "eval" "withVisible" "source" 
"validObject" "initialize" "standardGeneric" "initialize" "new" "newTMat" ".Arith.Csparse" "-" "-" "-" 2#122 "calcula_sim" 1#83 "FUN" "lapply" 1#57 "eval" "eval" "withVisible" "source" 
"asin" 2#43 "geodesic_distance" ".Call" "mutate_impl" "mutate_.tbl_df" "mutate_" "as.data.frame" "mutate_.data.frame" "mutate_" "mutate" "<Anonymous>" "freduce" "_fseq" "eval" "eval" "withVisible" "%>%" 2#77 "filtra_cand" 1#63 "FUN" "lapply" 1#57 "eval" "eval" "withVisible" "source" 
".Call" "filter_impl" "filter_.tbl_df" "filter_" "filter" "eval" "eval" "%>%" 1#61 "FUN" "lapply" 1#57 "eval" "eval" "withVisible" "source" 
"[.factor" "[" "subCsp_cols" "<Anonymous>" "<Anonymous>" "eval" "eval" "callGeneric" "[" "[" 2#131 "calcula_sim" 1#83 "FUN" "lapply" 1#57 "eval" "eval" "withVisible" "source" 
"c" ".set_row_names" "as.data.frame.integer" "as.data.frame" "data.frame" 2#98 "filtra_cand" 1#63 "FUN" "lapply" 1#57 "eval" "eval" "withVisible" "source" 
"as.data.frame" "filter_.data.frame" "filter_" "filter" "<Anonymous>" "freduce" "_fseq" "eval" "eval" "withVisible" "%>%" 2#74 "filtra_cand" 1#63 "FUN" "lapply" 1#57 "eval" "eval" "withVisible" "source" 
"FUN" "lapply" "%>%" 2#126 "calcula_sim" 1#83 "FUN" "lapply" 1#57 "eval" "eval" "withVisible" "source" 
"ifelse" ".Call" "mutate_impl" "mutate_.tbl_df" "mutate_" "as.data.frame" "mutate_.data.frame" "mutate_" "mutate" "<Anonymous>" "freduce" "_fseq" "eval" "eval" "withVisible" "%>%" 2#77 "filtra_cand" 1#63 "FUN" "lapply" 1#57 "eval" "eval" "withVisible" "source" 
"names" "names" "%||%" "auto_names" "auto_name" "<Anonymous>" "filter_.data.frame" "filter_" "filter" "<Anonymous>" "freduce" "_fseq" "eval" "eval" "withVisible" "%>%" 2#74 "filtra_cand" 1#63 "FUN" "lapply" 1#57 "eval" "eval" "withVisible" "source" 
".classEnv" ".Call" "subCsp_cols" "<Anonymous>" "<Anonymous>" "eval" "eval" "callGeneric" "[" "[" 2#131 "calcula_sim" 1#83 "FUN" "lapply" 1#57 "eval" "eval" "withVisible" "source" 
"&" 2#87 "filtra_cand" 1#63 "FUN" "lapply" 1#57 "eval" "eval" "withVisible" "source" 
".Call" "mutate_impl" "mutate_.tbl_df" "mutate_" "as.data.frame" "mutate_.data.frame" "mutate_" "mutate" "<Anonymous>" "freduce" "_fseq" "eval" "eval" "withVisible" "%>%" 2#77 "filtra_cand" 1#63 "FUN" "lapply" 1#57 "eval" "eval" "withVisible" "source" 
2#132 "calcula_sim" 1#83 "FUN" "lapply" 1#57 "eval" "eval" "withVisible" "source" 
"as.character" "row.names.data.frame" "row.names" "as.matrix.data.frame" "as.matrix" "standardGeneric" "as.matrix" 2#116 "calcula_sim" 1#83 "FUN" "lapply" 1#57 "eval" "eval" "withVisible" "source" 
"sin" 2#40 "geodesic_distance" ".Call" "mutate_impl" "mutate_.tbl_df" "mutate_" "as.data.frame" "mutate_.data.frame" "mutate_" "mutate" "<Anonymous>" "freduce" "_fseq" "eval" "eval" "withVisible" "%>%" 2#77 "filtra_cand" 1#63 "FUN" "lapply" 1#57 "eval" "eval" "withVisible" "source" 
"[" "[.data.frame" 1#59 "[" 1#59 "FUN" "lapply" 1#57 "eval" "eval" "withVisible" "source" 
"ifelse" 2#43 "geodesic_distance" ".Call" "mutate_impl" "mutate_.tbl_df" "mutate_" "as.data.frame" "mutate_.data.frame" "mutate_" "mutate" "<Anonymous>" "freduce" "_fseq" "eval" "eval" "withVisible" "%>%" 2#77 "filtra_cand" 1#63 "FUN" "lapply" 1#57 "eval" "eval" "withVisible" "source" 
"vapply" "as_data_frame" "tbl_df" "arrange_" "as.data.frame" "arrange_.data.frame" "arrange_" "arrange" "<Anonymous>" "withVisible" "freduce" "_fseq" "eval" "eval" "withVisible" "%>%" 1#86 "FUN" "lapply" 1#57 "eval" "eval" "withVisible" "source" 
"ifelse" 2#125 "calcula_sim" 1#83 "FUN" "lapply" 1#57 "eval" "eval" "withVisible" "source" 
"ifelse" ".Call" "mutate_impl" "mutate_.tbl_df" "mutate_" "as.data.frame" "mutate_.data.frame" "mutate_" "mutate" "<Anonymous>" "freduce" "_fseq" "eval" "eval" "withVisible" "%>%" 2#77 "filtra_cand" 1#63 "FUN" "lapply" 1#57 "eval" "eval" "withVisible" "source" 
"%in%" "structure" "as.lazy_dots.list" "as.lazy_dots" "<Anonymous>" "filter_.tbl_df" "filter_" "as.data.frame" "filter_.data.frame" "filter_" "filter" "<Anonymous>" "freduce" "_fseq" "eval" "eval" "withVisible" "%>%" 2#73 "filtra_cand" 1#63 "FUN" "lapply" 1#57 "eval" "eval" "withVisible" "source" 
"tryCatchList" "tryCatch" "ls" "loadedNamespaces" "match" "%in%" ".requirePackage" ".classEnv" ".Call" "subCsp_cols" "<Anonymous>" "<Anonymous>" "eval" "eval" "callGeneric" "[" "[" 2#131 "calcula_sim" 1#83 "FUN" "lapply" 1#57 "eval" "eval" "withVisible" "source" 
"ifelse" ".Call" "mutate_impl" "mutate_.tbl_df" "mutate_" "as.data.frame" "mutate_.data.frame" "mutate_" "mutate" "<Anonymous>" "freduce" "_fseq" "eval" "eval" "withVisible" "%>%" 2#77 "filtra_cand" 1#63 "FUN" "lapply" 1#57 "eval" "eval" "withVisible" "source" 
"dim" "dim" "FUN" "vapply" "unique" "as_data_frame" "tbl_df" "filter_" "as.data.frame" "filter_.data.frame" "filter_" "filter" "<Anonymous>" "freduce" "_fseq" "eval" "eval" "withVisible" "%>%" 2#73 "filtra_cand" 1#63 "FUN" "lapply" 1#57 "eval" "eval" "withVisible" "source" 
"@<-" "subCsp_cols" "<Anonymous>" "<Anonymous>" "eval" "eval" "callGeneric" "[" "[" 2#131 "calcula_sim" 1#83 "FUN" "lapply" 1#57 "eval" "eval" "withVisible" "source" 
"ifelse" ".Call" "mutate_impl" "mutate_.tbl_df" "mutate_" "as.data.frame" "mutate_.data.frame" "mutate_" "mutate" "<Anonymous>" "freduce" "_fseq" "eval" "eval" "withVisible" "%>%" 2#77 "filtra_cand" 1#63 "FUN" "lapply" 1#57 "eval" "eval" "withVisible" "source" 
"as.character" "structure" "as.lazy_dots.list" "as.lazy_dots" "<Anonymous>" "filter_.tbl_df" "filter_" "as.data.frame" "filter_.data.frame" "filter_" "filter" "<Anonymous>" "freduce" "_fseq" "eval" "eval" "withVisible" "%>%" 2#73 "filtra_cand" 1#63 "FUN" "lapply" 1#57 "eval" "eval" "withVisible" "source" 
"get" ".cacheGenericTable" ".cacheGeneric" ".getGeneric" "getGeneric" "as" "validityMethod" "anyStrings" "validObject" "initialize" "standardGeneric" "initialize" "new" "newTMat" ".Arith.Csparse" "-" "-" "-" 2#131 "calcula_sim" 1#83 "FUN" "lapply" 1#57 "eval" "eval" "withVisible" "source" 
"%in%" "[[.data.frame" "[[" "$.data.frame" "$" "data.frame" 2#98 "filtra_cand" 1#63 "FUN" "lapply" 1#57 "eval" "eval" "withVisible" "source" 
"vapply" "is_first" "split_chain" "%>%" 2#75 "filtra_cand" 1#63 "FUN" "lapply" 1#57 "eval" "eval" "withVisible" "source" 
"ifelse" 2#125 "calcula_sim" 1#83 "FUN" "lapply" 1#57 "eval" "eval" "withVisible" "source" 
"ifelse" ".Call" "mutate_impl" "mutate_.tbl_df" "mutate_" "as.data.frame" "mutate_.data.frame" "mutate_" "mutate" "<Anonymous>" "freduce" "_fseq" "eval" "eval" "withVisible" "%>%" 2#77 "filtra_cand" 1#63 "FUN" "lapply" 1#57 "eval" "eval" "withVisible" "source" 
"dim" "dim" "FUN" "vapply" "unique" "as_data_frame" "tbl_df" "filter_" "as.data.frame" "filter_.data.frame" "filter_" "filter" "<Anonymous>" "freduce" "_fseq" "eval" "eval" "withVisible" "%>%" 2#75 "filtra_cand" 1#63 "FUN" "lapply" 1#57 "eval" "eval" "withVisible" "source" 
"NextMethod" "structure" "c.lazy_dots" "c" "c" "<Anonymous>" "arrange_.data.frame" "arrange_" "arrange" "<Anonymous>" "freduce" "_fseq" "eval" "eval" "withVisible" "%>%" 1#86 "FUN" "lapply" 1#57 "eval" "eval" "withVisible" "source" 
"possibleExtends" "is" ".findMethodInTable" ".quickCoerceSelect" "as" "validityMethod" "anyStrings" "validObject" "initialize" "standardGeneric" "initialize" "new" "newTMat" ".Arith.Csparse" "-" "-" "-" 2#122 "calcula_sim" 1#83 "FUN" "lapply" 1#57 "eval" "eval" "withVisible" "source" 
"is.na" "ifelse" ".Call" "mutate_impl" "mutate_.tbl_df" "mutate_" "as.data.frame" "mutate_.data.frame" "mutate_" "mutate" "<Anonymous>" "freduce" "_fseq" "eval" "eval" "withVisible" "%>%" 2#77 "filtra_cand" 1#63 "FUN" "lapply" 1#57 "eval" "eval" "withVisible" "source" 
"FUN" "vapply" "auto_names" "auto_name" "<Anonymous>" "filter_.data.frame" "filter_" "filter" "<Anonymous>" "freduce" "_fseq" "eval" "eval" "withVisible" "%>%" 2#73 "filtra_cand" 1#63 "FUN" "lapply" 1#57 "eval" "eval" "withVisible" "source" 
"validityMethod" "anyStrings" "validObject" "initialize" "standardGeneric" "initialize" "new" "newTMat" ".Arith.Csparse" "-" "-" "-" 2#131 "calcula_sim" 1#83 "FUN" "lapply" 1#57 "eval" "eval" "withVisible" "source" 
"[.data.frame" 1#77 "[" 1#77 "FUN" "lapply" 1#57 "eval" "eval" "withVisible" "source" 
"cos" 2#40 "geodesic_distance" ".Call" "mutate_impl" "mutate_.tbl_df" "mutate_" "as.data.frame" "mutate_.data.frame" "mutate_" "mutate" "<Anonymous>" "freduce" "_fseq" "eval" "eval" "withVisible" "%>%" 2#77 "filtra_cand" 1#63 "FUN" "lapply" 1#57 "eval" "eval" "withVisible" "source" 
"NextMethod" "structure" "c.lazy_dots" "c" "c" "<Anonymous>" "arrange_.data.frame" "arrange_" "arrange" "<Anonymous>" "withVisible" "freduce" "_fseq" "eval" "eval" "withVisible" "%>%" 1#86 "FUN" "lapply" 1#57 "eval" "eval" "withVisible" "source" 
".Call" "subCsp_cols" "<Anonymous>" "<Anonymous>" "eval" "eval" "callGeneric" "[" "[" 2#131 "calcula_sim" 1#83 "FUN" "lapply" 1#57 "eval" "eval" "withVisible" "source" 
"ifelse" ".Call" "mutate_impl" "mutate_.tbl_df" "mutate_" "as.data.frame" "mutate_.data.frame" "mutate_" "mutate" "<Anonymous>" "freduce" "_fseq" "eval" "eval" "withVisible" "%>%" 2#77 "filtra_cand" 1#63 "FUN" "lapply" 1#57 "eval" "eval" "withVisible" "source" 
"rev.default" "rev" "split_chain" "%>%" 1#61 "FUN" "lapply" 1#57 "eval" "eval" "withVisible" "source" 
".Call" "subCsp_cols" "<Anonymous>" "<Anonymous>" "eval" "eval" "callGeneric" "[" "[" 2#131 "calcula_sim" 1#83 "FUN" "lapply" 1#57 "eval" "eval" "withVisible" "source" 
"as.list" "data.frame" 2#98 "filtra_cand" 1#63 "FUN" "lapply" 1#57 "eval" "eval" "withVisible" "source" 
"FUN" "vapply" "unique" "as_data_frame" "tbl_df" "filter_" "as.data.frame" "filter_.data.frame" "filter_" "filter" "<Anonymous>" "freduce" "_fseq" "eval" "eval" "withVisible" "%>%" 2#74 "filtra_cand" 1#63 "FUN" "lapply" 1#57 "eval" "eval" "withVisible" "source" 
"logical" "vapply" "is_first" "split_chain" "%>%" 1#86 "FUN" "lapply" 1#57 "eval" "eval" "withVisible" "source" 
"@<-" "subCsp_cols" "<Anonymous>" "<Anonymous>" "eval" "eval" "callGeneric" "[" "[" 2#122 "calcula_sim" 1#83 "FUN" "lapply" 1#57 "eval" "eval" "withVisible" "source" 
"ifelse" 2#43 "geodesic_distance" ".Call" "mutate_impl" "mutate_.tbl_df" "mutate_" "as.data.frame" "mutate_.data.frame" "mutate_" "mutate" "<Anonymous>" "freduce" "_fseq" "eval" "eval" "withVisible" "%>%" 2#77 "filtra_cand" 1#63 "FUN" "lapply" 1#57 "eval" "eval" "withVisible" "source" 
"match" "structure" "c.lazy_dots" "c" "c" "<Anonymous>" "filter_.tbl_df" "filter_" "filter" "eval" "eval" "%>%" 1#61 "FUN" "lapply" 1#57 "eval" "eval" "withVisible" "source" 
"extends" "stopifnot" "non0ind" ".Arith.Csparse" "-" "-" "-" 2#131 "calcula_sim" 1#83 "FUN" "lapply" 1#57 "eval" "eval" "withVisible" "source" 
"eval" "FUN" "lapply" "<Anonymous>" "select_vars_" "select_.data.frame" "select_" "<Anonymous>" "<Anonymous>" "withVisible" "freduce" "_fseq" "eval" "eval" "withVisible" "%>%" 2#77 "filtra_cand" 1#63 "FUN" "lapply" 1#57 "eval" "eval" "withVisible" "source" 
".Call" "grouped_df_impl" "grouped_df" "group_by_.data.frame" "group_by_" "group_by" "<Anonymous>" "freduce" "_fseq" "eval" "eval" "withVisible" "%>%" 1#107 "eval" "eval" "withVisible" "source" 
